{"C:\\Users\\talel\\OneDrive\\Desktop\\project\\TravelApp_B\\src\\app.ts": {"path":"C:\\Users\\talel\\OneDrive\\Desktop\\project\\TravelApp_B\\src\\app.ts","statementMap":{"0":{"start":{"line":1,"column":0},"end":{"line":1,"column":30}},"1":{"start":{"line":2,"column":0},"end":{"line":2,"column":28}},"2":{"start":{"line":3,"column":0},"end":{"line":3,"column":32}},"3":{"start":{"line":4,"column":0},"end":{"line":4,"column":24}},"4":{"start":{"line":5,"column":0},"end":{"line":5,"column":24}},"5":{"start":{"line":6,"column":0},"end":{"line":6,"column":26}},"6":{"start":{"line":8,"column":0},"end":{"line":8,"column":45}},"7":{"start":{"line":9,"column":0},"end":{"line":9,"column":45}},"8":{"start":{"line":10,"column":0},"end":{"line":10,"column":51}},"9":{"start":{"line":12,"column":0},"end":{"line":12,"column":16}},"10":{"start":{"line":14,"column":0},"end":{"line":16,"column":1}},"11":{"start":{"line":15,"column":2},"end":{"line":15,"column":63}},"12":{"start":{"line":18,"column":0},"end":{"line":20,"column":1}},"13":{"start":{"line":19,"column":2},"end":{"line":19,"column":68}},"14":{"start":{"line":22,"column":12},"end":{"line":22,"column":21}},"15":{"start":{"line":25,"column":0},"end":{"line":25,"column":24}},"16":{"start":{"line":26,"column":0},"end":{"line":29,"column":4}},"17":{"start":{"line":32,"column":0},"end":{"line":32,"column":30}},"18":{"start":{"line":33,"column":0},"end":{"line":33,"column":30}},"19":{"start":{"line":34,"column":0},"end":{"line":34,"column":36}},"20":{"start":{"line":37,"column":0},"end":{"line":37,"column":77}},"21":{"start":{"line":40,"column":0},"end":{"line":42,"column":67}},"22":{"start":{"line":41,"column":14},"end":{"line":41,"column":48}},"23":{"start":{"line":42,"column":16},"end":{"line":42,"column":65}},"24":{"start":{"line":45,"column":0},"end":{"line":86,"column":3}},"25":{"start":{"line":46,"column":47},"end":{"line":46,"column":55}},"26":{"start":{"line":47,"column":17},"end":{"line":53,"column":2}},"27":{"start":{"line":55,"column":2},"end":{"line":55,"column":53}},"28":{"start":{"line":56,"column":2},"end":{"line":56,"column":38}},"29":{"start":{"line":57,"column":2},"end":{"line":57,"column":49}},"30":{"start":{"line":59,"column":2},"end":{"line":85,"column":3}},"31":{"start":{"line":60,"column":21},"end":{"line":67,"column":null}},"32":{"start":{"line":70,"column":4},"end":{"line":70,"column":83}},"33":{"start":{"line":77,"column":27},"end":{"line":77,"column":58}},"34":{"start":{"line":78,"column":21},"end":{"line":78,"column":99}},"35":{"start":{"line":80,"column":4},"end":{"line":80,"column":28}},"36":{"start":{"line":83,"column":4},"end":{"line":83,"column":58}},"37":{"start":{"line":84,"column":4},"end":{"line":84,"column":86}},"38":{"start":{"line":89,"column":0},"end":{"line":89,"column":19}}},"fnMap":{"0":{"name":"(anonymous_1)","decl":{"start":{"line":41,"column":8},"end":{"line":41,"column":11}},"loc":{"start":{"line":41,"column":14},"end":{"line":41,"column":48}}},"1":{"name":"(anonymous_2)","decl":{"start":{"line":42,"column":9},"end":{"line":42,"column":12}},"loc":{"start":{"line":42,"column":16},"end":{"line":42,"column":65}}},"2":{"name":"(anonymous_3)","decl":{"start":{"line":45,"column":27},"end":{"line":45,"column":32}},"loc":{"start":{"line":45,"column":46},"end":{"line":86,"column":1}}}},"branchMap":{"0":{"loc":{"start":{"line":14,"column":0},"end":{"line":16,"column":1}},"type":"if","locations":[{"start":{"line":14,"column":0},"end":{"line":16,"column":1}}]},"1":{"loc":{"start":{"line":18,"column":0},"end":{"line":20,"column":1}},"type":"if","locations":[{"start":{"line":18,"column":0},"end":{"line":20,"column":1}}]},"2":{"loc":{"start":{"line":78,"column":21},"end":{"line":78,"column":99}},"type":"binary-expr","locations":[{"start":{"line":78,"column":21},"end":{"line":78,"column":76}},{"start":{"line":78,"column":80},"end":{"line":78,"column":99}}]}},"s":{"0":5,"1":5,"2":5,"3":5,"4":5,"5":5,"6":5,"7":5,"8":5,"9":5,"10":5,"11":0,"12":5,"13":0,"14":5,"15":5,"16":5,"17":5,"18":5,"19":5,"20":5,"21":5,"22":5,"23":0,"24":5,"25":0,"26":0,"27":0,"28":0,"29":0,"30":0,"31":0,"32":0,"33":0,"34":0,"35":0,"36":0,"37":0,"38":5},"f":{"0":5,"1":0,"2":0},"b":{"0":[0],"1":[0],"2":[0,0]}}
,"C:\\Users\\talel\\OneDrive\\Desktop\\project\\TravelApp_B\\src\\controllers\\CommentController.ts": {"path":"C:\\Users\\talel\\OneDrive\\Desktop\\project\\TravelApp_B\\src\\controllers\\CommentController.ts","statementMap":{"0":{"start":{"line":2,"column":0},"end":{"line":2,"column":45}},"1":{"start":{"line":3,"column":0},"end":{"line":3,"column":32}},"2":{"start":{"line":4,"column":0},"end":{"line":4,"column":39}},"3":{"start":{"line":6,"column":26},"end":{"line":36,"column":1}},"4":{"start":{"line":7,"column":2},"end":{"line":34,"column":3}},"5":{"start":{"line":8,"column":32},"end":{"line":8,"column":40}},"6":{"start":{"line":9,"column":19},"end":{"line":9,"column":55}},"7":{"start":{"line":11,"column":4},"end":{"line":14,"column":5}},"8":{"start":{"line":12,"column":6},"end":{"line":12,"column":76}},"9":{"start":{"line":13,"column":6},"end":{"line":13,"column":13}},"10":{"start":{"line":16,"column":4},"end":{"line":19,"column":5}},"11":{"start":{"line":17,"column":6},"end":{"line":17,"column":75}},"12":{"start":{"line":18,"column":6},"end":{"line":18,"column":13}},"13":{"start":{"line":20,"column":23},"end":{"line":24,"column":6}},"14":{"start":{"line":25,"column":24},"end":{"line":29,"column":6}},"15":{"start":{"line":31,"column":4},"end":{"line":31,"column":37}},"16":{"start":{"line":33,"column":4},"end":{"line":33,"column":64}},"17":{"start":{"line":6,"column":13},"end":{"line":6,"column":26}},"18":{"start":{"line":39,"column":33},"end":{"line":60,"column":1}},"19":{"start":{"line":40,"column":2},"end":{"line":59,"column":3}},"20":{"start":{"line":41,"column":19},"end":{"line":41,"column":32}},"21":{"start":{"line":43,"column":4},"end":{"line":46,"column":5}},"22":{"start":{"line":44,"column":6},"end":{"line":44,"column":59}},"23":{"start":{"line":45,"column":6},"end":{"line":45,"column":13}},"24":{"start":{"line":48,"column":21},"end":{"line":48,"column":93}},"25":{"start":{"line":50,"column":4},"end":{"line":53,"column":5}},"26":{"start":{"line":51,"column":6},"end":{"line":51,"column":31}},"27":{"start":{"line":52,"column":6},"end":{"line":52,"column":13}},"28":{"start":{"line":55,"column":4},"end":{"line":55,"column":35}},"29":{"start":{"line":57,"column":4},"end":{"line":57,"column":35}},"30":{"start":{"line":58,"column":4},"end":{"line":58,"column":64}},"31":{"start":{"line":39,"column":13},"end":{"line":39,"column":33}},"32":{"start":{"line":63,"column":29},"end":{"line":74,"column":1}},"33":{"start":{"line":64,"column":2},"end":{"line":73,"column":3}},"34":{"start":{"line":65,"column":20},"end":{"line":65,"column":96}},"35":{"start":{"line":66,"column":4},"end":{"line":69,"column":5}},"36":{"start":{"line":67,"column":6},"end":{"line":67,"column":61}},"37":{"start":{"line":68,"column":6},"end":{"line":68,"column":13}},"38":{"start":{"line":70,"column":4},"end":{"line":70,"column":34}},"39":{"start":{"line":72,"column":4},"end":{"line":72,"column":64}},"40":{"start":{"line":63,"column":13},"end":{"line":63,"column":29}},"41":{"start":{"line":76,"column":29},"end":{"line":90,"column":1}},"42":{"start":{"line":77,"column":2},"end":{"line":89,"column":3}},"43":{"start":{"line":79,"column":20},"end":{"line":79,"column":71}},"44":{"start":{"line":81,"column":4},"end":{"line":84,"column":5}},"45":{"start":{"line":82,"column":6},"end":{"line":82,"column":61}},"46":{"start":{"line":83,"column":6},"end":{"line":83,"column":13}},"47":{"start":{"line":86,"column":4},"end":{"line":86,"column":70}},"48":{"start":{"line":88,"column":4},"end":{"line":88,"column":64}},"49":{"start":{"line":76,"column":13},"end":{"line":76,"column":29}}},"fnMap":{"0":{"name":"(anonymous_1)","decl":{"start":{"line":6,"column":26},"end":{"line":6,"column":31}},"loc":{"start":{"line":6,"column":79},"end":{"line":36,"column":1}}},"1":{"name":"(anonymous_2)","decl":{"start":{"line":39,"column":33},"end":{"line":39,"column":38}},"loc":{"start":{"line":39,"column":86},"end":{"line":60,"column":1}}},"2":{"name":"(anonymous_3)","decl":{"start":{"line":63,"column":29},"end":{"line":63,"column":34}},"loc":{"start":{"line":63,"column":82},"end":{"line":74,"column":1}}},"3":{"name":"(anonymous_4)","decl":{"start":{"line":76,"column":29},"end":{"line":76,"column":34}},"loc":{"start":{"line":76,"column":82},"end":{"line":90,"column":1}}}},"branchMap":{"0":{"loc":{"start":{"line":9,"column":19},"end":{"line":9,"column":55}},"type":"binary-expr","locations":[{"start":{"line":9,"column":19},"end":{"line":9,"column":36}},{"start":{"line":9,"column":40},"end":{"line":9,"column":55}}]},"1":{"loc":{"start":{"line":11,"column":4},"end":{"line":14,"column":5}},"type":"if","locations":[{"start":{"line":11,"column":4},"end":{"line":14,"column":5}}]},"2":{"loc":{"start":{"line":16,"column":4},"end":{"line":19,"column":5}},"type":"if","locations":[{"start":{"line":16,"column":4},"end":{"line":19,"column":5}}]},"3":{"loc":{"start":{"line":16,"column":8},"end":{"line":16,"column":27}},"type":"binary-expr","locations":[{"start":{"line":16,"column":8},"end":{"line":16,"column":16}},{"start":{"line":16,"column":20},"end":{"line":16,"column":27}}]},"4":{"loc":{"start":{"line":43,"column":4},"end":{"line":46,"column":5}},"type":"if","locations":[{"start":{"line":43,"column":4},"end":{"line":46,"column":5}}]},"5":{"loc":{"start":{"line":50,"column":4},"end":{"line":53,"column":5}},"type":"if","locations":[{"start":{"line":50,"column":4},"end":{"line":53,"column":5}}]},"6":{"loc":{"start":{"line":66,"column":4},"end":{"line":69,"column":5}},"type":"if","locations":[{"start":{"line":66,"column":4},"end":{"line":69,"column":5}}]},"7":{"loc":{"start":{"line":81,"column":4},"end":{"line":84,"column":5}},"type":"if","locations":[{"start":{"line":81,"column":4},"end":{"line":84,"column":5}}]}},"s":{"0":5,"1":5,"2":5,"3":5,"4":2,"5":2,"6":2,"7":2,"8":0,"9":0,"10":2,"11":0,"12":0,"13":2,"14":2,"15":2,"16":0,"17":5,"18":5,"19":2,"20":2,"21":2,"22":0,"23":0,"24":2,"25":2,"26":1,"27":1,"28":1,"29":0,"30":0,"31":5,"32":5,"33":1,"34":1,"35":1,"36":0,"37":0,"38":1,"39":0,"40":5,"41":5,"42":1,"43":1,"44":1,"45":0,"46":0,"47":1,"48":0,"49":5},"f":{"0":2,"1":2,"2":1,"3":1},"b":{"0":[2,0],"1":[0],"2":[0],"3":[2,2],"4":[0],"5":[1],"6":[0],"7":[0]}}
,"C:\\Users\\talel\\OneDrive\\Desktop\\project\\TravelApp_B\\src\\controllers\\PostController.ts": {"path":"C:\\Users\\talel\\OneDrive\\Desktop\\project\\TravelApp_B\\src\\controllers\\PostController.ts","statementMap":{"0":{"start":{"line":2,"column":0},"end":{"line":2,"column":39}},"1":{"start":{"line":4,"column":0},"end":{"line":4,"column":43}},"2":{"start":{"line":5,"column":0},"end":{"line":5,"column":24}},"3":{"start":{"line":6,"column":0},"end":{"line":6,"column":20}},"4":{"start":{"line":9,"column":23},"end":{"line":38,"column":1}},"5":{"start":{"line":11,"column":2},"end":{"line":37,"column":65}},"6":{"start":{"line":12,"column":49},"end":{"line":12,"column":57}},"7":{"start":{"line":13,"column":19},"end":{"line":13,"column":36}},"8":{"start":{"line":14,"column":4},"end":{"line":17,"column":5}},"9":{"start":{"line":15,"column":6},"end":{"line":15,"column":56}},"10":{"start":{"line":16,"column":6},"end":{"line":16,"column":13}},"11":{"start":{"line":19,"column":23},"end":{"line":19,"column":138}},"12":{"start":{"line":19,"column":85},"end":{"line":19,"column":132}},"13":{"start":{"line":21,"column":20},"end":{"line":33,"column":6}},"14":{"start":{"line":35,"column":4},"end":{"line":35,"column":34}},"15":{"start":{"line":37,"column":4},"end":{"line":37,"column":64}},"16":{"start":{"line":9,"column":13},"end":{"line":9,"column":23}},"17":{"start":{"line":39,"column":27},"end":{"line":46,"column":1}},"18":{"start":{"line":40,"column":2},"end":{"line":45,"column":3}},"19":{"start":{"line":41,"column":18},"end":{"line":41,"column":40}},"20":{"start":{"line":42,"column":4},"end":{"line":42,"column":32}},"21":{"start":{"line":44,"column":4},"end":{"line":44,"column":64}},"22":{"start":{"line":39,"column":13},"end":{"line":39,"column":27}},"23":{"start":{"line":48,"column":27},"end":{"line":59,"column":1}},"24":{"start":{"line":49,"column":2},"end":{"line":58,"column":3}},"25":{"start":{"line":50,"column":17},"end":{"line":50,"column":56}},"26":{"start":{"line":51,"column":4},"end":{"line":54,"column":5}},"27":{"start":{"line":52,"column":6},"end":{"line":52,"column":58}},"28":{"start":{"line":53,"column":6},"end":{"line":53,"column":13}},"29":{"start":{"line":55,"column":4},"end":{"line":55,"column":31}},"30":{"start":{"line":57,"column":4},"end":{"line":57,"column":64}},"31":{"start":{"line":48,"column":13},"end":{"line":48,"column":27}},"32":{"start":{"line":61,"column":26},"end":{"line":107,"column":1}},"33":{"start":{"line":62,"column":2},"end":{"line":106,"column":3}},"34":{"start":{"line":63,"column":4},"end":{"line":63,"column":26}},"35":{"start":{"line":64,"column":49},"end":{"line":64,"column":57}},"36":{"start":{"line":65,"column":21},"end":{"line":65,"column":29}},"37":{"start":{"line":66,"column":19},"end":{"line":66,"column":32}},"38":{"start":{"line":68,"column":4},"end":{"line":71,"column":5}},"39":{"start":{"line":69,"column":6},"end":{"line":69,"column":63}},"40":{"start":{"line":70,"column":6},"end":{"line":70,"column":13}},"41":{"start":{"line":74,"column":17},"end":{"line":74,"column":49}},"42":{"start":{"line":75,"column":4},"end":{"line":78,"column":5}},"43":{"start":{"line":76,"column":6},"end":{"line":76,"column":58}},"44":{"start":{"line":77,"column":6},"end":{"line":77,"column":13}},"45":{"start":{"line":81,"column":4},"end":{"line":83,"column":5}},"46":{"start":{"line":82,"column":6},"end":{"line":82,"column":18}},"47":{"start":{"line":86,"column":27},"end":{"line":86,"column":85}},"48":{"start":{"line":86,"column":63},"end":{"line":86,"column":84}},"49":{"start":{"line":89,"column":4},"end":{"line":94,"column":7}},"50":{"start":{"line":90,"column":24},"end":{"line":90,"column":96}},"51":{"start":{"line":91,"column":6},"end":{"line":93,"column":9}},"52":{"start":{"line":92,"column":8},"end":{"line":92,"column":76}},"53":{"start":{"line":92,"column":17},"end":{"line":92,"column":76}},"54":{"start":{"line":97,"column":24},"end":{"line":100,"column":null}},"55":{"start":{"line":103,"column":4},"end":{"line":103,"column":38}},"56":{"start":{"line":105,"column":4},"end":{"line":105,"column":64}},"57":{"start":{"line":61,"column":13},"end":{"line":61,"column":26}},"58":{"start":{"line":111,"column":26},"end":{"line":122,"column":1}},"59":{"start":{"line":112,"column":2},"end":{"line":121,"column":3}},"60":{"start":{"line":113,"column":17},"end":{"line":113,"column":65}},"61":{"start":{"line":114,"column":4},"end":{"line":117,"column":5}},"62":{"start":{"line":115,"column":6},"end":{"line":115,"column":58}},"63":{"start":{"line":116,"column":6},"end":{"line":116,"column":13}},"64":{"start":{"line":118,"column":4},"end":{"line":118,"column":67}},"65":{"start":{"line":120,"column":4},"end":{"line":120,"column":64}},"66":{"start":{"line":111,"column":13},"end":{"line":111,"column":26}},"67":{"start":{"line":125,"column":30},"end":{"line":158,"column":1}},"68":{"start":{"line":126,"column":2},"end":{"line":157,"column":3}},"69":{"start":{"line":127,"column":19},"end":{"line":127,"column":32}},"70":{"start":{"line":128,"column":19},"end":{"line":128,"column":36}},"71":{"start":{"line":130,"column":4},"end":{"line":133,"column":5}},"72":{"start":{"line":131,"column":6},"end":{"line":131,"column":66}},"73":{"start":{"line":132,"column":6},"end":{"line":132,"column":13}},"74":{"start":{"line":135,"column":17},"end":{"line":135,"column":49}},"75":{"start":{"line":136,"column":4},"end":{"line":139,"column":5}},"76":{"start":{"line":137,"column":6},"end":{"line":137,"column":58}},"77":{"start":{"line":138,"column":6},"end":{"line":138,"column":13}},"78":{"start":{"line":141,"column":25},"end":{"line":141,"column":51}},"79":{"start":{"line":142,"column":23},"end":{"line":142,"column":60}},"80":{"start":{"line":142,"column":46},"end":{"line":142,"column":59}},"81":{"start":{"line":144,"column":4},"end":{"line":154,"column":5}},"82":{"start":{"line":146,"column":6},"end":{"line":146,"column":88}},"83":{"start":{"line":146,"column":45},"end":{"line":146,"column":86}},"84":{"start":{"line":147,"column":6},"end":{"line":147,"column":24}},"85":{"start":{"line":148,"column":6},"end":{"line":148,"column":100}},"86":{"start":{"line":148,"column":82},"end":{"line":148,"column":95}},"87":{"start":{"line":151,"column":6},"end":{"line":151,"column":36}},"88":{"start":{"line":152,"column":6},"end":{"line":152,"column":24}},"89":{"start":{"line":153,"column":6},"end":{"line":153,"column":98}},"90":{"start":{"line":153,"column":80},"end":{"line":153,"column":93}},"91":{"start":{"line":156,"column":4},"end":{"line":156,"column":51}},"92":{"start":{"line":125,"column":13},"end":{"line":125,"column":30}},"93":{"start":{"line":161,"column":32},"end":{"line":186,"column":1}},"94":{"start":{"line":162,"column":2},"end":{"line":185,"column":3}},"95":{"start":{"line":163,"column":23},"end":{"line":163,"column":33}},"96":{"start":{"line":166,"column":4},"end":{"line":169,"column":5}},"97":{"start":{"line":167,"column":6},"end":{"line":167,"column":63}},"98":{"start":{"line":168,"column":6},"end":{"line":168,"column":13}},"99":{"start":{"line":172,"column":18},"end":{"line":172,"column":87}},"100":{"start":{"line":175,"column":4},"end":{"line":178,"column":5}},"101":{"start":{"line":176,"column":6},"end":{"line":176,"column":72}},"102":{"start":{"line":177,"column":6},"end":{"line":177,"column":13}},"103":{"start":{"line":181,"column":4},"end":{"line":181,"column":32}},"104":{"start":{"line":184,"column":4},"end":{"line":184,"column":51}},"105":{"start":{"line":161,"column":13},"end":{"line":161,"column":32}}},"fnMap":{"0":{"name":"(anonymous_10)","decl":{"start":{"line":9,"column":23},"end":{"line":9,"column":28}},"loc":{"start":{"line":9,"column":76},"end":{"line":38,"column":1}}},"1":{"name":"(anonymous_11)","decl":{"start":{"line":19,"column":76},"end":{"line":19,"column":80}},"loc":{"start":{"line":19,"column":85},"end":{"line":19,"column":132}}},"2":{"name":"(anonymous_12)","decl":{"start":{"line":39,"column":27},"end":{"line":39,"column":32}},"loc":{"start":{"line":39,"column":80},"end":{"line":46,"column":1}}},"3":{"name":"(anonymous_13)","decl":{"start":{"line":48,"column":27},"end":{"line":48,"column":32}},"loc":{"start":{"line":48,"column":80},"end":{"line":59,"column":1}}},"4":{"name":"(anonymous_14)","decl":{"start":{"line":61,"column":26},"end":{"line":61,"column":31}},"loc":{"start":{"line":61,"column":79},"end":{"line":107,"column":1}}},"5":{"name":"(anonymous_15)","decl":{"start":{"line":86,"column":46},"end":{"line":86,"column":47}},"loc":{"start":{"line":86,"column":63},"end":{"line":86,"column":84}}},"6":{"name":"(anonymous_16)","decl":{"start":{"line":89,"column":27},"end":{"line":89,"column":28}},"loc":{"start":{"line":89,"column":49},"end":{"line":94,"column":5}}},"7":{"name":"(anonymous_17)","decl":{"start":{"line":91,"column":27},"end":{"line":91,"column":28}},"loc":{"start":{"line":91,"column":65},"end":{"line":93,"column":7}}},"8":{"name":"(anonymous_18)","decl":{"start":{"line":111,"column":26},"end":{"line":111,"column":31}},"loc":{"start":{"line":111,"column":79},"end":{"line":122,"column":1}}},"9":{"name":"(anonymous_19)","decl":{"start":{"line":125,"column":30},"end":{"line":125,"column":35}},"loc":{"start":{"line":125,"column":83},"end":{"line":158,"column":1}}},"10":{"name":"(anonymous_20)","decl":{"start":{"line":142,"column":38},"end":{"line":142,"column":39}},"loc":{"start":{"line":142,"column":46},"end":{"line":142,"column":59}}},"11":{"name":"(anonymous_21)","decl":{"start":{"line":146,"column":37},"end":{"line":146,"column":38}},"loc":{"start":{"line":146,"column":45},"end":{"line":146,"column":86}}},"12":{"name":"(anonymous_22)","decl":{"start":{"line":148,"column":76},"end":{"line":148,"column":78}},"loc":{"start":{"line":148,"column":82},"end":{"line":148,"column":95}}},"13":{"name":"(anonymous_23)","decl":{"start":{"line":153,"column":74},"end":{"line":153,"column":76}},"loc":{"start":{"line":153,"column":80},"end":{"line":153,"column":93}}},"14":{"name":"(anonymous_24)","decl":{"start":{"line":161,"column":32},"end":{"line":161,"column":37}},"loc":{"start":{"line":161,"column":85},"end":{"line":186,"column":1}}}},"branchMap":{"0":{"loc":{"start":{"line":14,"column":4},"end":{"line":17,"column":5}},"type":"if","locations":[{"start":{"line":14,"column":4},"end":{"line":17,"column":5}}]},"1":{"loc":{"start":{"line":19,"column":23},"end":{"line":19,"column":138}},"type":"cond-expr","locations":[{"start":{"line":19,"column":36},"end":{"line":19,"column":133}},{"start":{"line":19,"column":136},"end":{"line":19,"column":138}}]},"2":{"loc":{"start":{"line":51,"column":4},"end":{"line":54,"column":5}},"type":"if","locations":[{"start":{"line":51,"column":4},"end":{"line":54,"column":5}}]},"3":{"loc":{"start":{"line":68,"column":4},"end":{"line":71,"column":5}},"type":"if","locations":[{"start":{"line":68,"column":4},"end":{"line":71,"column":5}}]},"4":{"loc":{"start":{"line":75,"column":4},"end":{"line":78,"column":5}},"type":"if","locations":[{"start":{"line":75,"column":4},"end":{"line":78,"column":5}}]},"5":{"loc":{"start":{"line":81,"column":4},"end":{"line":83,"column":5}},"type":"if","locations":[{"start":{"line":81,"column":4},"end":{"line":83,"column":5}}]},"6":{"loc":{"start":{"line":92,"column":8},"end":{"line":92,"column":76}},"type":"if","locations":[{"start":{"line":92,"column":8},"end":{"line":92,"column":76}}]},"7":{"loc":{"start":{"line":114,"column":4},"end":{"line":117,"column":5}},"type":"if","locations":[{"start":{"line":114,"column":4},"end":{"line":117,"column":5}}]},"8":{"loc":{"start":{"line":130,"column":4},"end":{"line":133,"column":5}},"type":"if","locations":[{"start":{"line":130,"column":4},"end":{"line":133,"column":5}}]},"9":{"loc":{"start":{"line":136,"column":4},"end":{"line":139,"column":5}},"type":"if","locations":[{"start":{"line":136,"column":4},"end":{"line":139,"column":5}}]},"10":{"loc":{"start":{"line":144,"column":4},"end":{"line":154,"column":5}},"type":"if","locations":[{"start":{"line":144,"column":4},"end":{"line":154,"column":5}},{"start":{"line":149,"column":11},"end":{"line":154,"column":5}}]},"11":{"loc":{"start":{"line":166,"column":4},"end":{"line":169,"column":5}},"type":"if","locations":[{"start":{"line":166,"column":4},"end":{"line":169,"column":5}}]},"12":{"loc":{"start":{"line":175,"column":4},"end":{"line":178,"column":5}},"type":"if","locations":[{"start":{"line":175,"column":4},"end":{"line":178,"column":5}}]}},"s":{"0":5,"1":5,"2":5,"3":5,"4":5,"5":10,"6":10,"7":10,"8":10,"9":0,"10":0,"11":10,"12":0,"13":10,"14":9,"15":1,"16":5,"17":5,"18":3,"19":3,"20":3,"21":0,"22":5,"23":5,"24":3,"25":3,"26":3,"27":1,"28":1,"29":2,"30":0,"31":5,"32":5,"33":0,"34":0,"35":0,"36":0,"37":0,"38":0,"39":0,"40":0,"41":0,"42":0,"43":0,"44":0,"45":0,"46":0,"47":0,"48":0,"49":0,"50":0,"51":0,"52":0,"53":0,"54":0,"55":0,"56":0,"57":5,"58":5,"59":1,"60":1,"61":1,"62":0,"63":0,"64":1,"65":0,"66":5,"67":5,"68":1,"69":1,"70":1,"71":1,"72":0,"73":0,"74":1,"75":1,"76":0,"77":0,"78":1,"79":1,"80":0,"81":1,"82":0,"83":0,"84":0,"85":0,"86":0,"87":1,"88":1,"89":1,"90":1,"91":0,"92":5,"93":5,"94":1,"95":1,"96":1,"97":0,"98":0,"99":1,"100":1,"101":0,"102":0,"103":1,"104":0,"105":5},"f":{"0":10,"1":0,"2":3,"3":3,"4":0,"5":0,"6":0,"7":0,"8":1,"9":1,"10":0,"11":0,"12":0,"13":1,"14":1},"b":{"0":[0],"1":[0,10],"2":[1],"3":[0],"4":[0],"5":[0],"6":[0],"7":[0],"8":[0],"9":[0],"10":[0,1],"11":[0],"12":[0]}}
,"C:\\Users\\talel\\OneDrive\\Desktop\\project\\TravelApp_B\\src\\controllers\\authcontroller.ts": {"path":"C:\\Users\\talel\\OneDrive\\Desktop\\project\\TravelApp_B\\src\\controllers\\authcontroller.ts","statementMap":{"0":{"start":{"line":2,"column":0},"end":{"line":2,"column":50}},"1":{"start":{"line":3,"column":0},"end":{"line":3,"column":28}},"2":{"start":{"line":4,"column":0},"end":{"line":4,"column":31}},"3":{"start":{"line":11,"column":31},"end":{"line":23,"column":1}},"4":{"start":{"line":12,"column":4},"end":{"line":22,"column":5}},"5":{"start":{"line":13,"column":21},"end":{"line":13,"column":60}},"6":{"start":{"line":14,"column":8},"end":{"line":17,"column":9}},"7":{"start":{"line":15,"column":12},"end":{"line":15,"column":64}},"8":{"start":{"line":16,"column":12},"end":{"line":16,"column":19}},"9":{"start":{"line":18,"column":8},"end":{"line":18,"column":46}},"10":{"start":{"line":20,"column":8},"end":{"line":20,"column":29}},"11":{"start":{"line":21,"column":8},"end":{"line":21,"column":67}},"12":{"start":{"line":11,"column":13},"end":{"line":11,"column":31}},"13":{"start":{"line":29,"column":17},"end":{"line":43,"column":1}},"14":{"start":{"line":30,"column":4},"end":{"line":42,"column":5}},"15":{"start":{"line":31,"column":25},"end":{"line":31,"column":42}},"16":{"start":{"line":32,"column":21},"end":{"line":32,"column":45}},"17":{"start":{"line":33,"column":31},"end":{"line":33,"column":64}},"18":{"start":{"line":34,"column":21},"end":{"line":38,"column":10}},"19":{"start":{"line":39,"column":8},"end":{"line":39,"column":35}},"20":{"start":{"line":41,"column":8},"end":{"line":41,"column":34}},"21":{"start":{"line":50,"column":22},"end":{"line":73,"column":1}},"22":{"start":{"line":51,"column":4},"end":{"line":53,"column":5}},"23":{"start":{"line":52,"column":8},"end":{"line":52,"column":20}},"24":{"start":{"line":55,"column":19},"end":{"line":55,"column":43}},"25":{"start":{"line":56,"column":24},"end":{"line":61,"column":49}},"26":{"start":{"line":63,"column":25},"end":{"line":68,"column":57}},"27":{"start":{"line":69,"column":4},"end":{"line":72,"column":6}},"28":{"start":{"line":74,"column":14},"end":{"line":111,"column":1}},"29":{"start":{"line":75,"column":4},"end":{"line":110,"column":5}},"30":{"start":{"line":76,"column":21},"end":{"line":76,"column":71}},"31":{"start":{"line":77,"column":8},"end":{"line":80,"column":9}},"32":{"start":{"line":78,"column":12},"end":{"line":78,"column":63}},"33":{"start":{"line":79,"column":12},"end":{"line":79,"column":19}},"34":{"start":{"line":81,"column":30},"end":{"line":81,"column":84}},"35":{"start":{"line":82,"column":8},"end":{"line":85,"column":9}},"36":{"start":{"line":83,"column":12},"end":{"line":83,"column":63}},"37":{"start":{"line":84,"column":12},"end":{"line":84,"column":19}},"38":{"start":{"line":86,"column":8},"end":{"line":89,"column":9}},"39":{"start":{"line":87,"column":12},"end":{"line":87,"column":49}},"40":{"start":{"line":88,"column":12},"end":{"line":88,"column":19}},"41":{"start":{"line":91,"column":23},"end":{"line":91,"column":46}},"42":{"start":{"line":92,"column":8},"end":{"line":95,"column":9}},"43":{"start":{"line":93,"column":12},"end":{"line":93,"column":49}},"44":{"start":{"line":94,"column":12},"end":{"line":94,"column":19}},"45":{"start":{"line":96,"column":8},"end":{"line":98,"column":9}},"46":{"start":{"line":97,"column":12},"end":{"line":97,"column":35}},"47":{"start":{"line":99,"column":8},"end":{"line":99,"column":52}},"48":{"start":{"line":100,"column":8},"end":{"line":100,"column":26}},"49":{"start":{"line":101,"column":8},"end":{"line":106,"column":15}},"50":{"start":{"line":109,"column":8},"end":{"line":109,"column":34}},"51":{"start":{"line":118,"column":27},"end":{"line":161,"column":1}},"52":{"start":{"line":119,"column":4},"end":{"line":160,"column":7}},"53":{"start":{"line":121,"column":8},"end":{"line":124,"column":9}},"54":{"start":{"line":122,"column":12},"end":{"line":122,"column":27}},"55":{"start":{"line":123,"column":12},"end":{"line":123,"column":19}},"56":{"start":{"line":126,"column":8},"end":{"line":129,"column":9}},"57":{"start":{"line":127,"column":12},"end":{"line":127,"column":27}},"58":{"start":{"line":128,"column":12},"end":{"line":128,"column":19}},"59":{"start":{"line":130,"column":8},"end":{"line":159,"column":11}},"60":{"start":{"line":131,"column":12},"end":{"line":134,"column":13}},"61":{"start":{"line":132,"column":16},"end":{"line":132,"column":31}},"62":{"start":{"line":133,"column":16},"end":{"line":133,"column":22}},"63":{"start":{"line":136,"column":27},"end":{"line":136,"column":38}},"64":{"start":{"line":137,"column":12},"end":{"line":158,"column":13}},"65":{"start":{"line":139,"column":29},"end":{"line":139,"column":61}},"66":{"start":{"line":140,"column":16},"end":{"line":143,"column":17}},"67":{"start":{"line":141,"column":20},"end":{"line":141,"column":35}},"68":{"start":{"line":142,"column":20},"end":{"line":142,"column":27}},"69":{"start":{"line":144,"column":16},"end":{"line":149,"column":17}},"70":{"start":{"line":145,"column":20},"end":{"line":145,"column":43}},"71":{"start":{"line":146,"column":20},"end":{"line":146,"column":38}},"72":{"start":{"line":147,"column":20},"end":{"line":147,"column":35}},"73":{"start":{"line":148,"column":20},"end":{"line":148,"column":27}},"74":{"start":{"line":150,"column":31},"end":{"line":150,"column":91}},"75":{"start":{"line":150,"column":68},"end":{"line":150,"column":90}},"76":{"start":{"line":151,"column":16},"end":{"line":151,"column":43}},"77":{"start":{"line":152,"column":16},"end":{"line":152,"column":34}},"78":{"start":{"line":154,"column":16},"end":{"line":154,"column":30}},"79":{"start":{"line":156,"column":16},"end":{"line":156,"column":31}},"80":{"start":{"line":157,"column":16},"end":{"line":157,"column":23}},"81":{"start":{"line":163,"column":15},"end":{"line":170,"column":1}},"82":{"start":{"line":164,"column":4},"end":{"line":169,"column":5}},"83":{"start":{"line":165,"column":21},"end":{"line":165,"column":68}},"84":{"start":{"line":166,"column":8},"end":{"line":166,"column":40}},"85":{"start":{"line":168,"column":8},"end":{"line":168,"column":45}},"86":{"start":{"line":171,"column":27},"end":{"line":183,"column":1}},"87":{"start":{"line":172,"column":4},"end":{"line":182,"column":5}},"88":{"start":{"line":173,"column":21},"end":{"line":173,"column":94}},"89":{"start":{"line":174,"column":8},"end":{"line":177,"column":9}},"90":{"start":{"line":175,"column":12},"end":{"line":175,"column":64}},"91":{"start":{"line":176,"column":12},"end":{"line":176,"column":19}},"92":{"start":{"line":178,"column":8},"end":{"line":178,"column":23}},"93":{"start":{"line":180,"column":8},"end":{"line":180,"column":29}},"94":{"start":{"line":181,"column":8},"end":{"line":181,"column":67}},"95":{"start":{"line":171,"column":13},"end":{"line":171,"column":27}},"96":{"start":{"line":186,"column":16},"end":{"line":214,"column":1}},"97":{"start":{"line":187,"column":4},"end":{"line":213,"column":5}},"98":{"start":{"line":188,"column":21},"end":{"line":188,"column":68}},"99":{"start":{"line":189,"column":8},"end":{"line":192,"column":9}},"100":{"start":{"line":190,"column":12},"end":{"line":190,"column":41}},"101":{"start":{"line":191,"column":12},"end":{"line":191,"column":19}},"102":{"start":{"line":193,"column":23},"end":{"line":193,"column":46}},"103":{"start":{"line":195,"column":8},"end":{"line":198,"column":9}},"104":{"start":{"line":196,"column":12},"end":{"line":196,"column":49}},"105":{"start":{"line":197,"column":12},"end":{"line":197,"column":19}},"106":{"start":{"line":199,"column":8},"end":{"line":201,"column":9}},"107":{"start":{"line":200,"column":12},"end":{"line":200,"column":35}},"108":{"start":{"line":202,"column":8},"end":{"line":202,"column":52}},"109":{"start":{"line":203,"column":8},"end":{"line":203,"column":26}},"110":{"start":{"line":204,"column":8},"end":{"line":209,"column":15}},"111":{"start":{"line":212,"column":8},"end":{"line":212,"column":37}},"112":{"start":{"line":220,"column":30},"end":{"line":241,"column":1}},"113":{"start":{"line":221,"column":26},"end":{"line":221,"column":53}},"114":{"start":{"line":222,"column":18},"end":{"line":222,"column":62}},"115":{"start":{"line":224,"column":4},"end":{"line":227,"column":5}},"116":{"start":{"line":225,"column":8},"end":{"line":225,"column":46}},"117":{"start":{"line":226,"column":8},"end":{"line":226,"column":15}},"118":{"start":{"line":228,"column":4},"end":{"line":231,"column":5}},"119":{"start":{"line":229,"column":8},"end":{"line":229,"column":45}},"120":{"start":{"line":230,"column":8},"end":{"line":230,"column":15}},"121":{"start":{"line":233,"column":4},"end":{"line":240,"column":7}},"122":{"start":{"line":234,"column":8},"end":{"line":237,"column":9}},"123":{"start":{"line":235,"column":12},"end":{"line":235,"column":50}},"124":{"start":{"line":236,"column":12},"end":{"line":236,"column":19}},"125":{"start":{"line":238,"column":8},"end":{"line":238,"column":53}},"126":{"start":{"line":239,"column":8},"end":{"line":239,"column":15}},"127":{"start":{"line":220,"column":13},"end":{"line":220,"column":30}},"128":{"start":{"line":243,"column":0},"end":{"line":248,"column":2}}},"fnMap":{"0":{"name":"(anonymous_1)","decl":{"start":{"line":11,"column":31},"end":{"line":11,"column":36}},"loc":{"start":{"line":11,"column":84},"end":{"line":23,"column":1}}},"1":{"name":"(anonymous_2)","decl":{"start":{"line":29,"column":17},"end":{"line":29,"column":22}},"loc":{"start":{"line":29,"column":55},"end":{"line":43,"column":1}}},"2":{"name":"(anonymous_3)","decl":{"start":{"line":50,"column":22},"end":{"line":50,"column":23}},"loc":{"start":{"line":50,"column":57},"end":{"line":73,"column":1}}},"3":{"name":"(anonymous_4)","decl":{"start":{"line":74,"column":14},"end":{"line":74,"column":19}},"loc":{"start":{"line":74,"column":52},"end":{"line":111,"column":1}}},"4":{"name":"(anonymous_5)","decl":{"start":{"line":118,"column":27},"end":{"line":118,"column":28}},"loc":{"start":{"line":118,"column":64},"end":{"line":161,"column":1}}},"5":{"name":"(anonymous_6)","decl":{"start":{"line":119,"column":30},"end":{"line":119,"column":31}},"loc":{"start":{"line":119,"column":50},"end":{"line":160,"column":5}}},"6":{"name":"(anonymous_7)","decl":{"start":{"line":130,"column":59},"end":{"line":130,"column":64}},"loc":{"start":{"line":130,"column":92},"end":{"line":159,"column":9}}},"7":{"name":"(anonymous_8)","decl":{"start":{"line":150,"column":57},"end":{"line":150,"column":58}},"loc":{"start":{"line":150,"column":68},"end":{"line":150,"column":90}}},"8":{"name":"(anonymous_9)","decl":{"start":{"line":163,"column":15},"end":{"line":163,"column":20}},"loc":{"start":{"line":163,"column":53},"end":{"line":170,"column":1}}},"9":{"name":"(anonymous_10)","decl":{"start":{"line":171,"column":27},"end":{"line":171,"column":32}},"loc":{"start":{"line":171,"column":80},"end":{"line":183,"column":1}}},"10":{"name":"(anonymous_11)","decl":{"start":{"line":186,"column":16},"end":{"line":186,"column":21}},"loc":{"start":{"line":186,"column":54},"end":{"line":214,"column":1}}},"11":{"name":"(anonymous_12)","decl":{"start":{"line":220,"column":30},"end":{"line":220,"column":31}},"loc":{"start":{"line":220,"column":82},"end":{"line":241,"column":1}}},"12":{"name":"(anonymous_13)","decl":{"start":{"line":233,"column":48},"end":{"line":233,"column":49}},"loc":{"start":{"line":233,"column":65},"end":{"line":240,"column":5}}}},"branchMap":{"0":{"loc":{"start":{"line":14,"column":8},"end":{"line":17,"column":9}},"type":"if","locations":[{"start":{"line":14,"column":8},"end":{"line":17,"column":9}}]},"1":{"loc":{"start":{"line":51,"column":4},"end":{"line":53,"column":5}},"type":"if","locations":[{"start":{"line":51,"column":4},"end":{"line":53,"column":5}}]},"2":{"loc":{"start":{"line":77,"column":8},"end":{"line":80,"column":9}},"type":"if","locations":[{"start":{"line":77,"column":8},"end":{"line":80,"column":9}}]},"3":{"loc":{"start":{"line":82,"column":8},"end":{"line":85,"column":9}},"type":"if","locations":[{"start":{"line":82,"column":8},"end":{"line":85,"column":9}}]},"4":{"loc":{"start":{"line":86,"column":8},"end":{"line":89,"column":9}},"type":"if","locations":[{"start":{"line":86,"column":8},"end":{"line":89,"column":9}}]},"5":{"loc":{"start":{"line":92,"column":8},"end":{"line":95,"column":9}},"type":"if","locations":[{"start":{"line":92,"column":8},"end":{"line":95,"column":9}}]},"6":{"loc":{"start":{"line":96,"column":8},"end":{"line":98,"column":9}},"type":"if","locations":[{"start":{"line":96,"column":8},"end":{"line":98,"column":9}}]},"7":{"loc":{"start":{"line":121,"column":8},"end":{"line":124,"column":9}},"type":"if","locations":[{"start":{"line":121,"column":8},"end":{"line":124,"column":9}}]},"8":{"loc":{"start":{"line":126,"column":8},"end":{"line":129,"column":9}},"type":"if","locations":[{"start":{"line":126,"column":8},"end":{"line":129,"column":9}}]},"9":{"loc":{"start":{"line":131,"column":12},"end":{"line":134,"column":13}},"type":"if","locations":[{"start":{"line":131,"column":12},"end":{"line":134,"column":13}}]},"10":{"loc":{"start":{"line":140,"column":16},"end":{"line":143,"column":17}},"type":"if","locations":[{"start":{"line":140,"column":16},"end":{"line":143,"column":17}}]},"11":{"loc":{"start":{"line":144,"column":16},"end":{"line":149,"column":17}},"type":"if","locations":[{"start":{"line":144,"column":16},"end":{"line":149,"column":17}}]},"12":{"loc":{"start":{"line":144,"column":20},"end":{"line":144,"column":83}},"type":"binary-expr","locations":[{"start":{"line":144,"column":20},"end":{"line":144,"column":38}},{"start":{"line":144,"column":42},"end":{"line":144,"column":83}}]},"13":{"loc":{"start":{"line":174,"column":8},"end":{"line":177,"column":9}},"type":"if","locations":[{"start":{"line":174,"column":8},"end":{"line":177,"column":9}}]},"14":{"loc":{"start":{"line":189,"column":8},"end":{"line":192,"column":9}},"type":"if","locations":[{"start":{"line":189,"column":8},"end":{"line":192,"column":9}}]},"15":{"loc":{"start":{"line":195,"column":8},"end":{"line":198,"column":9}},"type":"if","locations":[{"start":{"line":195,"column":8},"end":{"line":198,"column":9}}]},"16":{"loc":{"start":{"line":199,"column":8},"end":{"line":201,"column":9}},"type":"if","locations":[{"start":{"line":199,"column":8},"end":{"line":201,"column":9}}]},"17":{"loc":{"start":{"line":222,"column":18},"end":{"line":222,"column":62}},"type":"binary-expr","locations":[{"start":{"line":222,"column":18},"end":{"line":222,"column":31}},{"start":{"line":222,"column":35},"end":{"line":222,"column":62}}]},"18":{"loc":{"start":{"line":224,"column":4},"end":{"line":227,"column":5}},"type":"if","locations":[{"start":{"line":224,"column":4},"end":{"line":227,"column":5}}]},"19":{"loc":{"start":{"line":228,"column":4},"end":{"line":231,"column":5}},"type":"if","locations":[{"start":{"line":228,"column":4},"end":{"line":231,"column":5}}]},"20":{"loc":{"start":{"line":234,"column":8},"end":{"line":237,"column":9}},"type":"if","locations":[{"start":{"line":234,"column":8},"end":{"line":237,"column":9}}]}},"s":{"0":5,"1":5,"2":5,"3":5,"4":2,"5":2,"6":2,"7":1,"8":1,"9":1,"10":0,"11":0,"12":5,"13":5,"14":18,"15":18,"16":18,"17":18,"18":18,"19":7,"20":11,"21":5,"22":18,"23":0,"24":18,"25":18,"26":18,"27":18,"28":5,"29":17,"30":17,"31":17,"32":0,"33":0,"34":17,"35":17,"36":0,"37":0,"38":17,"39":0,"40":0,"41":17,"42":17,"43":0,"44":0,"45":17,"46":0,"47":17,"48":17,"49":17,"50":0,"51":5,"52":1,"53":1,"54":0,"55":0,"56":1,"57":0,"58":0,"59":1,"60":1,"61":0,"62":0,"63":1,"64":1,"65":1,"66":1,"67":0,"68":0,"69":1,"70":0,"71":0,"72":0,"73":0,"74":1,"75":1,"76":1,"77":1,"78":1,"79":0,"80":0,"81":5,"82":0,"83":0,"84":0,"85":0,"86":5,"87":0,"88":0,"89":0,"90":0,"91":0,"92":0,"93":0,"94":0,"95":5,"96":5,"97":1,"98":1,"99":1,"100":0,"101":0,"102":1,"103":1,"104":0,"105":0,"106":1,"107":0,"108":1,"109":1,"110":1,"111":0,"112":5,"113":18,"114":18,"115":18,"116":0,"117":0,"118":18,"119":0,"120":0,"121":18,"122":18,"123":0,"124":0,"125":18,"126":18,"127":5,"128":5},"f":{"0":2,"1":18,"2":18,"3":17,"4":1,"5":1,"6":1,"7":1,"8":0,"9":0,"10":1,"11":18,"12":18},"b":{"0":[1],"1":[0],"2":[0],"3":[0],"4":[0],"5":[0],"6":[0],"7":[0],"8":[0],"9":[0],"10":[0],"11":[0],"12":[1,1],"13":[0],"14":[0],"15":[0],"16":[0],"17":[18,18],"18":[0],"19":[0],"20":[0]}}
,"C:\\Users\\talel\\OneDrive\\Desktop\\project\\TravelApp_B\\src\\models\\Comment.ts": {"path":"C:\\Users\\talel\\OneDrive\\Desktop\\project\\TravelApp_B\\src\\models\\Comment.ts","statementMap":{"0":{"start":{"line":1,"column":0},"end":{"line":1,"column":54}},"1":{"start":{"line":9,"column":40},"end":{"line":15,"column":null}},"2":{"start":{"line":18,"column":0},"end":{"line":18,"column":66}}},"fnMap":{},"branchMap":{},"s":{"0":5,"1":5,"2":5},"f":{},"b":{}}
,"C:\\Users\\talel\\OneDrive\\Desktop\\project\\TravelApp_B\\src\\models\\Post.ts": {"path":"C:\\Users\\talel\\OneDrive\\Desktop\\project\\TravelApp_B\\src\\models\\Post.ts","statementMap":{"0":{"start":{"line":1,"column":0},"end":{"line":1,"column":54}},"1":{"start":{"line":16,"column":34},"end":{"line":34,"column":null}},"2":{"start":{"line":36,"column":0},"end":{"line":39,"column":3}},"3":{"start":{"line":37,"column":2},"end":{"line":37,"column":30}},"4":{"start":{"line":38,"column":2},"end":{"line":38,"column":9}},"5":{"start":{"line":41,"column":0},"end":{"line":41,"column":57}}},"fnMap":{"0":{"name":"(anonymous_9)","decl":{"start":{"line":36,"column":30},"end":{"line":36,"column":40}},"loc":{"start":{"line":36,"column":44},"end":{"line":39,"column":1}}}},"branchMap":{},"s":{"0":5,"1":5,"2":5,"3":11,"4":11,"5":5},"f":{"0":11},"b":{}}
,"C:\\Users\\talel\\OneDrive\\Desktop\\project\\TravelApp_B\\src\\models\\User.ts": {"path":"C:\\Users\\talel\\OneDrive\\Desktop\\project\\TravelApp_B\\src\\models\\User.ts","statementMap":{"0":{"start":{"line":1,"column":0},"end":{"line":1,"column":32}},"1":{"start":{"line":13,"column":19},"end":{"line":41,"column":2}},"2":{"start":{"line":43,"column":18},"end":{"line":43,"column":60}},"3":{"start":{"line":45,"column":0},"end":{"line":45,"column":25}}},"fnMap":{},"branchMap":{},"s":{"0":5,"1":5,"2":5,"3":5},"f":{},"b":{}}
,"C:\\Users\\talel\\OneDrive\\Desktop\\project\\TravelApp_B\\src\\routes\\authroutes.ts": {"path":"C:\\Users\\talel\\OneDrive\\Desktop\\project\\TravelApp_B\\src\\routes\\authroutes.ts","statementMap":{"0":{"start":{"line":1,"column":0},"end":{"line":1,"column":33}},"1":{"start":{"line":2,"column":0},"end":{"line":2,"column":59}},"2":{"start":{"line":3,"column":15},"end":{"line":3,"column":23}},"3":{"start":{"line":149,"column":0},"end":{"line":149,"column":44}},"4":{"start":{"line":150,"column":0},"end":{"line":150,"column":50}},"5":{"start":{"line":151,"column":0},"end":{"line":151,"column":46}},"6":{"start":{"line":152,"column":0},"end":{"line":152,"column":48}},"7":{"start":{"line":153,"column":0},"end":{"line":153,"column":51}},"8":{"start":{"line":155,"column":0},"end":{"line":155,"column":22}}},"fnMap":{},"branchMap":{},"s":{"0":5,"1":5,"2":5,"3":5,"4":5,"5":5,"6":5,"7":5,"8":5},"f":{},"b":{}}
,"C:\\Users\\talel\\OneDrive\\Desktop\\project\\TravelApp_B\\src\\routes\\commentRoutes.ts": {"path":"C:\\Users\\talel\\OneDrive\\Desktop\\project\\TravelApp_B\\src\\routes\\commentRoutes.ts","statementMap":{"0":{"start":{"line":1,"column":0},"end":{"line":1,"column":33}},"1":{"start":{"line":2,"column":0},"end":{"line":2,"column":null}},"2":{"start":{"line":8,"column":0},"end":{"line":8,"column":63}},"3":{"start":{"line":10,"column":15},"end":{"line":10,"column":23}},"4":{"start":{"line":12,"column":0},"end":{"line":12,"column":45}},"5":{"start":{"line":13,"column":0},"end":{"line":13,"column":50}},"6":{"start":{"line":14,"column":0},"end":{"line":14,"column":53}},"7":{"start":{"line":15,"column":0},"end":{"line":15,"column":54}},"8":{"start":{"line":17,"column":0},"end":{"line":17,"column":22}}},"fnMap":{},"branchMap":{},"s":{"0":5,"1":5,"2":5,"3":5,"4":5,"5":5,"6":5,"7":5,"8":5},"f":{},"b":{}}
,"C:\\Users\\talel\\OneDrive\\Desktop\\project\\TravelApp_B\\src\\routes\\postRoutes.ts": {"path":"C:\\Users\\talel\\OneDrive\\Desktop\\project\\TravelApp_B\\src\\routes\\postRoutes.ts","statementMap":{"0":{"start":{"line":1,"column":0},"end":{"line":1,"column":33}},"1":{"start":{"line":2,"column":0},"end":{"line":2,"column":null}},"2":{"start":{"line":12,"column":0},"end":{"line":12,"column":63}},"3":{"start":{"line":13,"column":0},"end":{"line":13,"column":46}},"4":{"start":{"line":14,"column":15},"end":{"line":14,"column":23}},"5":{"start":{"line":231,"column":0},"end":{"line":231,"column":68}},"6":{"start":{"line":232,"column":0},"end":{"line":232,"column":29}},"7":{"start":{"line":233,"column":0},"end":{"line":233,"column":32}},"8":{"start":{"line":234,"column":0},"end":{"line":234,"column":74}},"9":{"start":{"line":235,"column":0},"end":{"line":235,"column":50}},"10":{"start":{"line":238,"column":0},"end":{"line":238,"column":53}},"11":{"start":{"line":240,"column":0},"end":{"line":240,"column":46}},"12":{"start":{"line":241,"column":0},"end":{"line":241,"column":22}}},"fnMap":{},"branchMap":{},"s":{"0":5,"1":5,"2":5,"3":5,"4":5,"5":5,"6":5,"7":5,"8":5,"9":5,"10":5,"11":5,"12":5},"f":{},"b":{}}
,"C:\\Users\\talel\\OneDrive\\Desktop\\project\\TravelApp_B\\src\\routes\\uploadfilests.ts": {"path":"C:\\Users\\talel\\OneDrive\\Desktop\\project\\TravelApp_B\\src\\routes\\uploadfilests.ts","statementMap":{"0":{"start":{"line":1,"column":0},"end":{"line":1,"column":28}},"1":{"start":{"line":5,"column":16},"end":{"line":12,"column":2}},"2":{"start":{"line":7,"column":4},"end":{"line":7,"column":30}},"3":{"start":{"line":10,"column":4},"end":{"line":10,"column":51}},"4":{"start":{"line":14,"column":15},"end":{"line":14,"column":34}},"5":{"start":{"line":16,"column":0},"end":{"line":16,"column":22}}},"fnMap":{"0":{"name":"(anonymous_1)","decl":{"start":{"line":6,"column":15},"end":{"line":6,"column":16}},"loc":{"start":{"line":6,"column":33},"end":{"line":8,"column":3}}},"1":{"name":"(anonymous_2)","decl":{"start":{"line":9,"column":12},"end":{"line":9,"column":13}},"loc":{"start":{"line":9,"column":30},"end":{"line":11,"column":3}}}},"branchMap":{},"s":{"0":5,"1":5,"2":0,"3":0,"4":5,"5":5},"f":{"0":0,"1":0},"b":{}}
}
