TN:
SF:src\app.ts
FN:39,(anonymous_1)
FN:40,(anonymous_2)
FNF:2
FNH:1
FNDA:5,(anonymous_1)
FNDA:0,(anonymous_2)
DA:1,5
DA:2,5
DA:3,5
DA:4,5
DA:5,5
DA:6,5
DA:7,5
DA:10,5
DA:16,5
DA:18,5
DA:19,0
DA:22,5
DA:24,5
DA:26,5
DA:31,5
DA:32,5
DA:33,5
DA:35,5
DA:37,5
DA:39,5
DA:40,0
DA:43,5
LF:22
LH:20
BRDA:18,0,0,0
BRF:1
BRH:0
end_of_record
TN:
SF:src\controllers\CommentController.ts
FN:6,(anonymous_1)
FN:39,(anonymous_2)
FN:63,(anonymous_3)
FN:76,(anonymous_4)
FNF:4
FNH:4
FNDA:2,(anonymous_1)
FNDA:2,(anonymous_2)
FNDA:1,(anonymous_3)
FNDA:1,(anonymous_4)
DA:2,5
DA:3,5
DA:4,5
DA:6,5
DA:7,2
DA:8,2
DA:9,2
DA:11,2
DA:12,0
DA:13,0
DA:16,2
DA:17,0
DA:18,0
DA:20,2
DA:25,2
DA:31,2
DA:33,0
DA:39,5
DA:40,2
DA:41,2
DA:43,2
DA:44,0
DA:45,0
DA:48,2
DA:50,2
DA:51,1
DA:52,1
DA:55,1
DA:57,0
DA:58,0
DA:63,5
DA:64,1
DA:65,1
DA:66,1
DA:67,0
DA:68,0
DA:70,1
DA:72,0
DA:76,5
DA:77,1
DA:79,1
DA:81,1
DA:82,0
DA:83,0
DA:86,1
DA:88,0
LF:46
LH:31
BRDA:9,0,0,2
BRDA:9,0,1,0
BRDA:11,1,0,0
BRDA:16,2,0,0
BRDA:16,3,0,2
BRDA:16,3,1,2
BRDA:43,4,0,0
BRDA:50,5,0,1
BRDA:66,6,0,0
BRDA:81,7,0,0
BRF:10
BRH:4
end_of_record
TN:
SF:src\controllers\PostController.ts
FN:38,(anonymous_1)
FN:48,(anonymous_2)
FN:68,(anonymous_3)
FN:77,(anonymous_4)
FN:90,(anonymous_5)
FN:115,(anonymous_6)
FN:118,(anonymous_7)
FN:120,(anonymous_8)
FN:140,(anonymous_9)
FN:154,(anonymous_10)
FN:171,(anonymous_11)
FN:175,(anonymous_12)
FN:177,(anonymous_13)
FN:182,(anonymous_14)
FNF:14
FNH:6
FNDA:9,(anonymous_1)
FNDA:0,(anonymous_2)
FNDA:3,(anonymous_3)
FNDA:3,(anonymous_4)
FNDA:0,(anonymous_5)
FNDA:0,(anonymous_6)
FNDA:0,(anonymous_7)
FNDA:0,(anonymous_8)
FNDA:1,(anonymous_9)
FNDA:1,(anonymous_10)
FNDA:0,(anonymous_11)
FNDA:0,(anonymous_12)
FNDA:0,(anonymous_13)
FNDA:1,(anonymous_14)
DA:2,5
DA:4,5
DA:5,5
DA:6,5
DA:38,5
DA:40,9
DA:41,9
DA:42,9
DA:43,9
DA:44,0
DA:45,0
DA:48,9
DA:50,9
DA:64,8
DA:66,1
DA:68,5
DA:69,3
DA:70,3
DA:71,3
DA:73,0
DA:77,5
DA:78,3
DA:79,3
DA:80,3
DA:81,1
DA:82,1
DA:84,2
DA:86,0
DA:90,5
DA:91,0
DA:92,0
DA:93,0
DA:94,0
DA:95,0
DA:97,0
DA:98,0
DA:99,0
DA:103,0
DA:104,0
DA:105,0
DA:106,0
DA:110,0
DA:111,0
DA:115,0
DA:118,0
DA:119,0
DA:120,0
DA:121,0
DA:126,0
DA:132,0
DA:134,0
DA:140,5
DA:141,1
DA:142,1
DA:143,1
DA:144,0
DA:145,0
DA:147,1
DA:149,0
DA:154,5
DA:155,1
DA:156,1
DA:157,1
DA:159,1
DA:160,0
DA:161,0
DA:164,1
DA:165,1
DA:166,0
DA:167,0
DA:170,1
DA:171,1
DA:173,1
DA:175,0
DA:176,0
DA:177,0
DA:180,1
DA:181,1
DA:182,1
DA:185,0
LF:80
LH:43
BRDA:43,0,0,0
BRDA:48,1,0,0
BRDA:48,1,1,9
BRDA:80,2,0,1
BRDA:97,3,0,0
BRDA:104,4,0,0
BRDA:110,5,0,0
BRDA:121,6,0,0
BRDA:143,7,0,0
BRDA:159,8,0,0
BRDA:165,9,0,0
BRDA:173,10,0,0
BRDA:173,10,1,1
BRF:13
BRH:3
end_of_record
TN:
SF:src\controllers\authcontroller.ts
FN:11,(anonymous_1)
FN:29,(anonymous_2)
FN:50,(anonymous_3)
FN:74,(anonymous_4)
FN:118,(anonymous_5)
FN:119,(anonymous_6)
FN:130,(anonymous_7)
FN:150,(anonymous_8)
FN:163,(anonymous_9)
FN:172,(anonymous_10)
FN:206,(anonymous_11)
FN:219,(anonymous_12)
FNF:12
FNH:11
FNDA:1,(anonymous_1)
FNDA:16,(anonymous_2)
FNDA:16,(anonymous_3)
FNDA:15,(anonymous_4)
FNDA:1,(anonymous_5)
FNDA:1,(anonymous_6)
FNDA:1,(anonymous_7)
FNDA:1,(anonymous_8)
FNDA:0,(anonymous_9)
FNDA:1,(anonymous_10)
FNDA:17,(anonymous_11)
FNDA:17,(anonymous_12)
DA:2,5
DA:3,5
DA:4,5
DA:11,5
DA:12,1
DA:13,1
DA:14,1
DA:15,0
DA:16,0
DA:18,1
DA:20,0
DA:21,0
DA:29,5
DA:30,16
DA:31,16
DA:32,16
DA:33,16
DA:34,16
DA:39,6
DA:41,10
DA:50,5
DA:51,16
DA:52,0
DA:55,16
DA:56,16
DA:63,16
DA:69,16
DA:74,5
DA:75,15
DA:76,15
DA:77,15
DA:78,0
DA:79,0
DA:81,15
DA:82,15
DA:83,0
DA:84,0
DA:86,15
DA:87,0
DA:88,0
DA:91,15
DA:92,15
DA:93,0
DA:94,0
DA:96,15
DA:97,0
DA:99,15
DA:100,15
DA:101,15
DA:109,0
DA:118,5
DA:119,1
DA:121,1
DA:122,0
DA:123,0
DA:126,1
DA:127,0
DA:128,0
DA:130,1
DA:131,1
DA:132,0
DA:133,0
DA:136,1
DA:137,1
DA:139,1
DA:140,1
DA:141,0
DA:142,0
DA:144,1
DA:145,0
DA:146,0
DA:147,0
DA:148,0
DA:150,1
DA:151,1
DA:152,1
DA:154,1
DA:156,0
DA:157,0
DA:163,5
DA:164,0
DA:165,0
DA:166,0
DA:168,0
DA:172,5
DA:173,1
DA:174,1
DA:175,1
DA:176,0
DA:177,0
DA:179,1
DA:181,1
DA:182,0
DA:183,0
DA:185,1
DA:186,0
DA:188,1
DA:189,1
DA:190,1
DA:198,0
DA:206,5
DA:207,17
DA:208,17
DA:210,17
DA:211,0
DA:212,0
DA:214,17
DA:215,0
DA:216,0
DA:219,17
DA:220,17
DA:221,0
DA:222,0
DA:224,17
DA:225,17
DA:229,5
LF:116
LH:71
BRDA:14,0,0,0
BRDA:51,1,0,0
BRDA:77,2,0,0
BRDA:82,3,0,0
BRDA:86,4,0,0
BRDA:92,5,0,0
BRDA:96,6,0,0
BRDA:121,7,0,0
BRDA:126,8,0,0
BRDA:131,9,0,0
BRDA:140,10,0,0
BRDA:144,11,0,0
BRDA:144,12,0,1
BRDA:144,12,1,1
BRDA:175,13,0,0
BRDA:181,14,0,0
BRDA:185,15,0,0
BRDA:208,16,0,17
BRDA:208,16,1,17
BRDA:210,17,0,0
BRDA:214,18,0,0
BRDA:220,19,0,0
BRF:22
BRH:4
end_of_record
TN:
SF:src\models\Comment.ts
FNF:0
FNH:0
DA:1,5
DA:9,5
DA:18,5
LF:3
LH:3
BRF:0
BRH:0
end_of_record
TN:
SF:src\models\Post.ts
FN:36,(anonymous_9)
FNF:1
FNH:1
FNDA:10,(anonymous_9)
DA:1,5
DA:16,5
DA:36,5
DA:37,10
DA:38,10
DA:41,5
LF:6
LH:6
BRF:0
BRH:0
end_of_record
TN:
SF:src\models\User.ts
FNF:0
FNH:0
DA:1,5
DA:13,5
DA:35,5
DA:37,5
LF:4
LH:4
BRF:0
BRH:0
end_of_record
TN:
SF:src\routes\authroutes.ts
FNF:0
FNH:0
DA:1,5
DA:2,5
DA:3,5
DA:116,5
DA:117,5
DA:118,5
DA:119,5
DA:120,5
DA:122,5
LF:9
LH:9
BRF:0
BRH:0
end_of_record
TN:
SF:src\routes\commentRoutes.ts
FNF:0
FNH:0
DA:1,5
DA:2,5
DA:8,5
DA:10,5
DA:12,5
DA:13,5
DA:14,5
DA:15,5
DA:17,5
LF:9
LH:9
BRF:0
BRH:0
end_of_record
TN:
SF:src\routes\postRoutes.ts
FNF:0
FNH:0
DA:1,5
DA:2,5
DA:11,5
DA:12,5
DA:13,5
DA:208,5
DA:209,5
DA:210,5
DA:211,5
DA:212,5
DA:215,5
DA:217,5
LF:12
LH:12
BRF:0
BRH:0
end_of_record
TN:
SF:src\routes\uploadfilests.ts
FN:6,(anonymous_1)
FN:9,(anonymous_2)
FNF:2
FNH:0
FNDA:0,(anonymous_1)
FNDA:0,(anonymous_2)
DA:1,5
DA:5,5
DA:7,0
DA:10,0
DA:14,5
DA:16,5
LF:6
LH:4
BRF:0
BRH:0
end_of_record
