TN:
SF:src\app.ts
FN:39,(anonymous_1)
FN:40,(anonymous_2)
FNF:2
FNH:1
FNDA:5,(anonymous_1)
FNDA:0,(anonymous_2)
DA:1,5
DA:2,5
DA:3,5
DA:4,5
DA:5,5
DA:6,5
DA:7,5
DA:10,5
DA:16,5
DA:18,5
DA:19,0
DA:22,5
DA:24,5
DA:26,5
DA:31,5
DA:32,5
DA:33,5
DA:35,5
DA:37,5
DA:39,5
DA:40,0
DA:43,5
LF:22
LH:20
BRDA:18,0,0,0
BRF:1
BRH:0
end_of_record
TN:
SF:src\controllers\CommentController.ts
FN:5,(anonymous_1)
FN:32,(anonymous_2)
FN:56,(anonymous_3)
FN:69,(anonymous_4)
FNF:4
FNH:4
FNDA:1,(anonymous_1)
FNDA:2,(anonymous_2)
FNDA:1,(anonymous_3)
FNDA:1,(anonymous_4)
DA:2,5
DA:3,5
DA:5,5
DA:6,1
DA:7,1
DA:8,1
DA:10,1
DA:11,0
DA:12,0
DA:15,1
DA:16,0
DA:17,0
DA:19,1
DA:24,1
DA:26,0
DA:32,5
DA:33,2
DA:34,2
DA:36,2
DA:37,0
DA:38,0
DA:41,2
DA:43,2
DA:44,2
DA:45,2
DA:48,0
DA:50,0
DA:51,0
DA:56,5
DA:57,1
DA:58,1
DA:59,1
DA:60,0
DA:61,0
DA:63,1
DA:65,0
DA:69,5
DA:70,1
DA:72,1
DA:74,1
DA:75,0
DA:76,0
DA:79,1
DA:81,0
LF:44
LH:28
BRDA:8,0,0,1
BRDA:8,0,1,0
BRDA:10,1,0,0
BRDA:15,2,0,0
BRDA:15,3,0,1
BRDA:15,3,1,1
BRDA:36,4,0,0
BRDA:43,5,0,2
BRDA:59,6,0,0
BRDA:74,7,0,0
BRF:10
BRH:4
end_of_record
TN:
SF:src\controllers\PostController.ts
FN:36,(anonymous_1)
FN:46,(anonymous_2)
FN:66,(anonymous_3)
FN:75,(anonymous_4)
FN:88,(anonymous_5)
FN:106,(anonymous_6)
FN:120,(anonymous_7)
FN:141,(anonymous_8)
FNF:8
FNH:4
FNDA:8,(anonymous_1)
FNDA:0,(anonymous_2)
FNDA:3,(anonymous_3)
FNDA:2,(anonymous_4)
FNDA:0,(anonymous_5)
FNDA:1,(anonymous_6)
FNDA:0,(anonymous_7)
FNDA:0,(anonymous_8)
DA:2,5
DA:4,5
DA:36,5
DA:38,8
DA:39,8
DA:40,8
DA:41,8
DA:42,0
DA:43,0
DA:46,8
DA:48,8
DA:62,7
DA:64,1
DA:66,5
DA:67,3
DA:68,3
DA:69,3
DA:71,0
DA:75,5
DA:76,2
DA:77,2
DA:78,2
DA:79,1
DA:80,1
DA:82,1
DA:84,0
DA:88,5
DA:89,0
DA:90,0
DA:91,0
DA:96,0
DA:97,0
DA:98,0
DA:100,0
DA:102,0
DA:106,5
DA:107,1
DA:108,1
DA:109,1
DA:110,0
DA:111,0
DA:113,1
DA:115,0
DA:120,5
DA:121,0
DA:122,0
DA:123,0
DA:124,0
DA:125,0
DA:126,0
DA:127,0
DA:128,0
DA:131,0
DA:132,0
DA:133,0
DA:134,0
DA:137,0
DA:140,0
DA:141,0
DA:142,0
DA:143,0
DA:146,0
DA:147,0
DA:148,0
DA:151,0
LF:65
LH:29
BRDA:41,0,0,0
BRDA:46,1,0,0
BRDA:46,1,1,8
BRDA:78,2,0,1
BRDA:96,3,0,0
BRDA:109,4,0,0
BRDA:126,5,0,0
BRDA:132,6,0,0
BRDA:140,7,0,0
BRDA:140,7,1,0
BRF:10
BRH:2
end_of_record
TN:
SF:src\controllers\authcontroller.ts
FN:11,(anonymous_1)
FN:29,(anonymous_2)
FN:50,(anonymous_3)
FN:74,(anonymous_4)
FN:118,(anonymous_5)
FN:119,(anonymous_6)
FN:130,(anonymous_7)
FN:150,(anonymous_8)
FN:163,(anonymous_9)
FN:172,(anonymous_10)
FN:206,(anonymous_11)
FN:219,(anonymous_12)
FNF:12
FNH:11
FNDA:1,(anonymous_1)
FNDA:16,(anonymous_2)
FNDA:16,(anonymous_3)
FNDA:15,(anonymous_4)
FNDA:1,(anonymous_5)
FNDA:1,(anonymous_6)
FNDA:1,(anonymous_7)
FNDA:1,(anonymous_8)
FNDA:0,(anonymous_9)
FNDA:1,(anonymous_10)
FNDA:14,(anonymous_11)
FNDA:14,(anonymous_12)
DA:2,5
DA:3,5
DA:4,5
DA:11,5
DA:12,1
DA:13,1
DA:14,1
DA:15,0
DA:16,0
DA:18,1
DA:20,0
DA:21,0
DA:29,5
DA:30,16
DA:31,16
DA:32,16
DA:33,16
DA:34,16
DA:39,6
DA:41,10
DA:50,5
DA:51,16
DA:52,0
DA:55,16
DA:56,16
DA:63,16
DA:69,16
DA:74,5
DA:75,15
DA:76,15
DA:77,15
DA:78,0
DA:79,0
DA:81,15
DA:82,15
DA:83,0
DA:84,0
DA:86,15
DA:87,0
DA:88,0
DA:91,15
DA:92,15
DA:93,0
DA:94,0
DA:96,15
DA:97,0
DA:99,15
DA:100,15
DA:101,15
DA:109,0
DA:118,5
DA:119,1
DA:121,1
DA:122,0
DA:123,0
DA:126,1
DA:127,0
DA:128,0
DA:130,1
DA:131,1
DA:132,0
DA:133,0
DA:136,1
DA:137,1
DA:139,1
DA:140,1
DA:141,0
DA:142,0
DA:144,1
DA:145,0
DA:146,0
DA:147,0
DA:148,0
DA:150,1
DA:151,1
DA:152,1
DA:154,1
DA:156,0
DA:157,0
DA:163,5
DA:164,0
DA:165,0
DA:166,0
DA:168,0
DA:172,5
DA:173,1
DA:174,1
DA:175,1
DA:176,0
DA:177,0
DA:179,1
DA:181,1
DA:182,0
DA:183,0
DA:185,1
DA:186,0
DA:188,1
DA:189,1
DA:190,1
DA:198,0
DA:206,5
DA:207,14
DA:208,14
DA:210,14
DA:211,0
DA:212,0
DA:214,14
DA:215,0
DA:216,0
DA:219,14
DA:220,14
DA:221,0
DA:222,0
DA:224,14
DA:225,14
DA:229,5
LF:116
LH:71
BRDA:14,0,0,0
BRDA:51,1,0,0
BRDA:77,2,0,0
BRDA:82,3,0,0
BRDA:86,4,0,0
BRDA:92,5,0,0
BRDA:96,6,0,0
BRDA:121,7,0,0
BRDA:126,8,0,0
BRDA:131,9,0,0
BRDA:140,10,0,0
BRDA:144,11,0,0
BRDA:144,12,0,1
BRDA:144,12,1,1
BRDA:175,13,0,0
BRDA:181,14,0,0
BRDA:185,15,0,0
BRDA:208,16,0,14
BRDA:208,16,1,14
BRDA:210,17,0,0
BRDA:214,18,0,0
BRDA:220,19,0,0
BRF:22
BRH:4
end_of_record
TN:
SF:src\models\Comment.ts
FNF:0
FNH:0
DA:1,5
DA:9,5
DA:18,5
LF:3
LH:3
BRF:0
BRH:0
end_of_record
TN:
SF:src\models\Post.ts
FN:36,(anonymous_9)
FNF:1
FNH:1
FNDA:8,(anonymous_9)
DA:1,5
DA:16,5
DA:36,5
DA:37,8
DA:38,8
DA:41,5
LF:6
LH:6
BRF:0
BRH:0
end_of_record
TN:
SF:src\models\User.ts
FNF:0
FNH:0
DA:1,5
DA:13,5
DA:35,5
DA:37,5
LF:4
LH:4
BRF:0
BRH:0
end_of_record
TN:
SF:src\routes\authroutes.ts
FNF:0
FNH:0
DA:1,5
DA:2,5
DA:3,5
DA:116,5
DA:117,5
DA:118,5
DA:119,5
DA:120,5
DA:122,5
LF:9
LH:9
BRF:0
BRH:0
end_of_record
TN:
SF:src\routes\commentRoutes.ts
FNF:0
FNH:0
DA:1,5
DA:2,5
DA:8,5
DA:10,5
DA:12,5
DA:13,5
DA:14,5
DA:15,5
DA:17,5
LF:9
LH:9
BRF:0
BRH:0
end_of_record
TN:
SF:src\routes\postRoutes.ts
FNF:0
FNH:0
DA:1,5
DA:2,5
DA:11,5
DA:12,5
DA:13,5
DA:208,5
DA:209,5
DA:210,5
DA:211,5
DA:212,5
DA:215,5
DA:217,5
LF:12
LH:12
BRF:0
BRH:0
end_of_record
TN:
SF:src\routes\uploadfilests.ts
FN:6,(anonymous_1)
FN:9,(anonymous_2)
FNF:2
FNH:0
FNDA:0,(anonymous_1)
FNDA:0,(anonymous_2)
DA:1,5
DA:5,5
DA:7,0
DA:10,0
DA:14,5
DA:16,5
LF:6
LH:4
BRF:0
BRH:0
end_of_record
